2020-09-19 15:42:48,267 [main] INFO  [com.halen.log.aop.SpringBootDemoLogAopApplication] StartupInfoLogger.java:50 - Starting SpringBootDemoLogAopApplication on DESKTOP-QJUNT03 with PID 10912 (C:\Java2\demo\spring-boot-demo\spring-boot-demo-log-aop\target\classes started by Halen in C:\Java2\demo\spring-boot-demo)
2020-09-19 15:42:48,274 [main] INFO  [com.halen.log.aop.SpringBootDemoLogAopApplication] SpringApplication.java:675 - No active profile set, falling back to default profiles: default
2020-09-19 15:42:53,847 [main] INFO  [o.s.boot.web.embedded.tomcat.TomcatWebServer] TomcatWebServer.java:90 - Tomcat initialized with port(s): 8080 (http)
2020-09-19 15:42:54,673 [main] INFO  [org.apache.catalina.core.StandardService] DirectJDKLog.java:173 - Starting service [Tomcat]
2020-09-19 15:42:54,674 [main] INFO  [org.apache.catalina.core.StandardEngine] DirectJDKLog.java:173 - Starting Servlet Engine: Apache Tomcat/9.0.12
2020-09-19 15:42:54,688 [main] INFO  [org.apache.catalina.core.AprLifecycleListener] DirectJDKLog.java:173 - The APR based Apache Tomcat Native library which allows optimal performance in production environments was not found on the java.library.path: [C:\Program Files\Java\jdk1.8.0_131\bin;C:\WINDOWS\Sun\Java\bin;C:\WINDOWS\system32;C:\WINDOWS;C:\Program Files (x86)\NetSarang\Xshell 6\;C:\ProgramData\Oracle\Java\javapath;C:\WINDOWS\system32;C:\WINDOWS;C:\WINDOWS\System32\Wbem;C:\WINDOWS\System32\WindowsPowerShell\v1.0\;C:\Program Files\Calibre2\;C:\Program Files\Java\jdk1.8.0_131\bin;C:\Program Files\Java\jdk1.8.0_131\jre\bin;C:\Program Files\Git\cmd;C:\mingw64\bin;F:\JAVATools\apache-maven-3.5.0\bin;C:\Program Files\nodejs\;C:\software\hadoop-2.7.2\bin;C:\WINDOWS\System32\OpenSSH\;C:\Program Files\MySQL\MySQL Server 5.7\bin;C:\developer\gradle-5.6.4\bin;C:\Users\Halen\AppData\Local\Programs\Python\Python37\Scripts\;C:\Users\Halen\AppData\Local\Programs\Python\Python37\;C:\Program Files\Bandizip\;C:\Users\Halen\AppData\Local\Programs\Microsoft VS Code\bin;C:\Users\Halen\AppData\Roaming\npm;%USERPROFILE%\AppData\Local\Microsoft\WindowsApps;;.]
2020-09-19 15:42:54,952 [main] INFO  [o.a.c.c.ContainerBase.[Tomcat].[localhost].[/demo]] DirectJDKLog.java:173 - Initializing Spring embedded WebApplicationContext
2020-09-19 15:42:54,952 [main] INFO  [org.springframework.web.context.ContextLoader] ServletWebServerApplicationContext.java:285 - Root WebApplicationContext: initialization completed in 6468 ms
2020-09-19 15:42:55,032 [main] INFO  [o.s.boot.web.servlet.ServletRegistrationBean] ServletRegistrationBean.java:186 - Servlet dispatcherServlet mapped to [/]
2020-09-19 15:42:55,042 [main] INFO  [o.s.boot.web.servlet.FilterRegistrationBean] AbstractFilterRegistrationBean.java:248 - Mapping filter: 'characterEncodingFilter' to: [/*]
2020-09-19 15:42:55,042 [main] INFO  [o.s.boot.web.servlet.FilterRegistrationBean] AbstractFilterRegistrationBean.java:248 - Mapping filter: 'hiddenHttpMethodFilter' to: [/*]
2020-09-19 15:42:55,043 [main] INFO  [o.s.boot.web.servlet.FilterRegistrationBean] AbstractFilterRegistrationBean.java:248 - Mapping filter: 'formContentFilter' to: [/*]
2020-09-19 15:42:55,044 [main] INFO  [o.s.boot.web.servlet.FilterRegistrationBean] AbstractFilterRegistrationBean.java:248 - Mapping filter: 'requestContextFilter' to: [/*]
2020-09-19 15:42:55,701 [main] INFO  [o.s.scheduling.concurrent.ThreadPoolTaskExecutor] ExecutorConfigurationSupport.java:171 - Initializing ExecutorService 'applicationTaskExecutor'
2020-09-19 15:42:56,101 [main] INFO  [o.s.boot.web.embedded.tomcat.TomcatWebServer] TomcatWebServer.java:204 - Tomcat started on port(s): 8080 (http) with context path '/demo'
2020-09-19 15:42:56,107 [main] INFO  [com.halen.log.aop.SpringBootDemoLogAopApplication] StartupInfoLogger.java:59 - Started SpringBootDemoLogAopApplication in 13.458 seconds (JVM running for 18.635)
2020-09-19 15:43:41,311 [http-nio-8080-exec-2] INFO  [o.a.c.c.ContainerBase.[Tomcat].[localhost].[/demo]] DirectJDKLog.java:173 - Initializing Spring DispatcherServlet 'dispatcherServlet'
2020-09-19 15:43:41,312 [http-nio-8080-exec-2] INFO  [org.springframework.web.servlet.DispatcherServlet] FrameworkServlet.java:521 - Initializing Servlet 'dispatcherServlet'
2020-09-19 15:43:41,327 [http-nio-8080-exec-2] INFO  [org.springframework.web.servlet.DispatcherServlet] FrameworkServlet.java:543 - Completed initialization in 14 ms
2020-09-19 15:43:41,433 [http-nio-8080-exec-2] INFO  [com.halen.log.aop.aspectj.AopLog] AopLog.java:42 - 【请求 URL】：http://localhost:8080/demo/
2020-09-19 15:43:41,433 [http-nio-8080-exec-2] INFO  [com.halen.log.aop.aspectj.AopLog] AopLog.java:43 - 【请求 IP】：0:0:0:0:0:0:0:1
2020-09-19 15:43:41,452 [http-nio-8080-exec-2] INFO  [com.halen.log.aop.aspectj.AopLog] AopLog.java:44 - 【请求类名】：com.halen.log.aop.controller.TestController，【请求方法名】：test
2020-09-19 15:43:41,463 [http-nio-8080-exec-2] INFO  [com.halen.log.aop.aspectj.AopLog] AopLog.java:47 - 【请求参数】：{}，
2020-09-19 15:43:41,492 [http-nio-8080-exec-2] INFO  [com.halen.log.aop.aspectj.AopLog] AopLog.java:61 - 【返回值】：{"who":"me"}
2020-09-19 15:43:41,493 [http-nio-8080-exec-2] INFO  [com.halen.log.aop.aspectj.AopLog] AopLog.java:75 - 【请求耗时】：29毫秒
2020-09-19 15:43:41,511 [http-nio-8080-exec-2] INFO  [com.halen.log.aop.aspectj.AopLog] AopLog.java:79 - 【浏览器类型】：CHROME8，【操作系统】：WINDOWS_10，【原始User-Agent】：Mozilla/5.0 (Windows NT 10.0; Win64; x64) AppleWebKit/537.36 (KHTML, like Gecko) Chrome/85.0.4183.102 Safari/537.36
